library/build/outputs/logs/manifest-merger-debug-report.txt
-- Merging decision tree log ---
manifest
ADDED from library\AndroidManifest.xml:2:1-11:12
INJECTED from library\AndroidManifest.xml:2:1-11:12
INJECTED from library\AndroidManifest.xml:2:1-11:12
INJECTED from library\AndroidManifest.xml:2:1-11:12
INJECTED from library\AndroidManifest.xml:2:1-11:12
INJECTED from library\AndroidManifest.xml:2:1-11:12
INJECTED from library\AndroidManifest.xml:2:1-11:12
	package
		ADDED from library\AndroidManifest.xml:3:5-49
		INJECTED from library\AndroidManifest.xml
		INJECTED from library\AndroidManifest.xml
	android:versionName
		ADDED from library\AndroidManifest.xml:5:5-32
		INJECTED from library\AndroidManifest.xml
		INJECTED from library\AndroidManifest.xml
	xmlns:android
		ADDED from library\AndroidManifest.xml:2:11-69
	android:versionCode
		ADDED from library\AndroidManifest.xml:4:5-31
		INJECTED from library\AndroidManifest.xml
		INJECTED from library\AndroidManifest.xml
application
ADDED from library\AndroidManifest.xml:9:5-20